<?xml version="1.0" encoding="UTF-8"?>
<!-- Generated by org.testng.reporters.JUnitReportReporter -->
<testsuite skipped="0" hostname="DESKTOP-7T59N6P" name="org.login.LoginTest" tests="1" failures="0" timestamp="12 Oct 2021 06:58:16 GMT" time="25.003" errors="0">
  <testcase name="login" time="25.003" classname="org.login.LoginTest"/>
</testsuite> <!-- org.login.LoginTest -->
